app/build/outputs/logs/manifest-merger-debug-report.txt
-- Merging decision tree log ---
manifest
ADDED from src/main/AndroidManifest.xml:2:1-102:12
	package
		ADDED from src/main/AndroidManifest.xml:3:5-39
		INJECTED from src/main/AndroidManifest.xml
		INJECTED from src/main/AndroidManifest.xml
	android:versionName
		INJECTED from src/main/AndroidManifest.xml
		INJECTED from src/main/AndroidManifest.xml
	xmlns:android
		ADDED from src/main/AndroidManifest.xml:2:11-69
	android:versionCode
		INJECTED from src/main/AndroidManifest.xml
		INJECTED from src/main/AndroidManifest.xml
application
ADDED from src/main/AndroidManifest.xml:5:5-100:19
MERGED from [com.android.support:appcompat-v7:23.1.1] AndroidManifest.xml:22:5-20
MERGED from [com.android.support:support-v4:23.1.1] AndroidManifest.xml:22:5-20
MERGED from [com.android.support:design:23.1.1] AndroidManifest.xml:22:5-20
MERGED from [com.android.support:appcompat-v7:23.1.1] AndroidManifest.xml:22:5-20
MERGED from [com.android.support:support-v4:23.1.1] AndroidManifest.xml:22:5-20
MERGED from [com.android.support:support-v4:23.1.1] AndroidManifest.xml:22:5-20
MERGED from [com.android.support:support-v4:23.1.1] AndroidManifest.xml:22:5-20
MERGED from [com.onesignal:OneSignal:2.3.0] AndroidManifest.xml:40:5-67:19
MERGED from [com.google.android.gms:play-services-gcm:8.4.0] AndroidManifest.xml:24:5-20
MERGED from [com.google.android.gms:play-services-basement:8.4.0] AndroidManifest.xml:20:5-24:19
MERGED from [com.android.support:support-v4:23.1.1] AndroidManifest.xml:22:5-20
MERGED from [com.google.android.gms:play-services-measurement:8.4.0] AndroidManifest.xml:26:5-46:19
MERGED from [com.google.android.gms:play-services-basement:8.4.0] AndroidManifest.xml:20:5-24:19
MERGED from [com.android.support:support-v4:23.1.1] AndroidManifest.xml:22:5-20
MERGED from [com.google.android.gms:play-services-analytics:8.4.0] AndroidManifest.xml:24:5-20
MERGED from [com.google.android.gms:play-services-basement:8.4.0] AndroidManifest.xml:20:5-24:19
MERGED from [com.android.support:support-v4:23.1.1] AndroidManifest.xml:22:5-20
MERGED from [com.google.android.gms:play-services-location:8.4.0] AndroidManifest.xml:19:5-20
MERGED from [com.google.android.gms:play-services-basement:8.4.0] AndroidManifest.xml:20:5-24:19
MERGED from [com.android.support:support-v4:23.1.1] AndroidManifest.xml:22:5-20
MERGED from [com.google.android.gms:play-services-maps:8.4.0] AndroidManifest.xml:27:5-20
MERGED from [com.google.android.gms:play-services-basement:8.4.0] AndroidManifest.xml:20:5-24:19
MERGED from [com.android.support:support-v4:23.1.1] AndroidManifest.xml:22:5-20
	android:label
		ADDED from src/main/AndroidManifest.xml:8:9-41
	android:supportsRtl
		ADDED from src/main/AndroidManifest.xml:9:9-35
	android:allowBackup
		ADDED from src/main/AndroidManifest.xml:6:9-35
	android:icon
		ADDED from src/main/AndroidManifest.xml:7:9-39
	android:theme
		ADDED from src/main/AndroidManifest.xml:10:9-40
uses-permission#android.permission.INTERNET
ADDED from src/main/AndroidManifest.xml:12:9-71
MERGED from [com.google.android.gms:play-services-gcm:8.4.0] AndroidManifest.xml:22:5-67
MERGED from [com.google.android.gms:play-services-measurement:8.4.0] AndroidManifest.xml:21:5-67
MERGED from [com.google.android.gms:play-services-analytics:8.4.0] AndroidManifest.xml:21:5-67
MERGED from [com.google.android.gms:play-services-maps:8.4.0] AndroidManifest.xml:21:5-66
	android:name
		ADDED from src/main/AndroidManifest.xml:12:26-68
uses-permission#android.permission.ACCESS_NETWORK_STATE
ADDED from src/main/AndroidManifest.xml:13:9-83
MERGED from [com.google.android.gms:play-services-measurement:8.4.0] AndroidManifest.xml:22:5-79
MERGED from [com.google.android.gms:play-services-analytics:8.4.0] AndroidManifest.xml:22:5-79
MERGED from [com.google.android.gms:play-services-maps:8.4.0] AndroidManifest.xml:20:5-78
	android:name
		ADDED from src/main/AndroidManifest.xml:13:26-80
uses-permission#android.permission.CALL_PHONE
ADDED from src/main/AndroidManifest.xml:14:9-73
	android:name
		ADDED from src/main/AndroidManifest.xml:14:26-70
activity#com.todaysfuture.shriteq.MainActivity
ADDED from src/main/AndroidManifest.xml:15:9-25:20
	android:screenOrientation
		ADDED from src/main/AndroidManifest.xml:18:13-49
	android:label
		ADDED from src/main/AndroidManifest.xml:17:13-45
	android:theme
		ADDED from src/main/AndroidManifest.xml:19:13-43
	android:name
		ADDED from src/main/AndroidManifest.xml:16:13-41
intent-filter#android.intent.action.MAIN+android.intent.category.LAUNCHER
ADDED from src/main/AndroidManifest.xml:20:13-24:29
action#android.intent.action.MAIN
ADDED from src/main/AndroidManifest.xml:21:17-69
	android:name
		ADDED from src/main/AndroidManifest.xml:21:25-66
category#android.intent.category.LAUNCHER
ADDED from src/main/AndroidManifest.xml:23:17-77
	android:name
		ADDED from src/main/AndroidManifest.xml:23:27-74
activity#com.todaysfuture.shriteq.Login
ADDED from src/main/AndroidManifest.xml:26:9-29:52
	android:screenOrientation
		ADDED from src/main/AndroidManifest.xml:29:13-49
	android:label
		ADDED from src/main/AndroidManifest.xml:28:13-49
	android:name
		ADDED from src/main/AndroidManifest.xml:27:13-34
activity#com.todaysfuture.shriteq.Register
ADDED from src/main/AndroidManifest.xml:30:9-33:52
	android:screenOrientation
		ADDED from src/main/AndroidManifest.xml:33:13-49
	android:label
		ADDED from src/main/AndroidManifest.xml:32:13-49
	android:name
		ADDED from src/main/AndroidManifest.xml:31:13-37
activity#com.todaysfuture.shriteq.Login1
ADDED from src/main/AndroidManifest.xml:34:9-37:52
	android:screenOrientation
		ADDED from src/main/AndroidManifest.xml:37:13-49
	android:label
		ADDED from src/main/AndroidManifest.xml:36:13-47
	android:name
		ADDED from src/main/AndroidManifest.xml:35:13-35
activity#com.todaysfuture.shriteq.home
ADDED from src/main/AndroidManifest.xml:38:9-41:52
	android:screenOrientation
		ADDED from src/main/AndroidManifest.xml:41:13-49
	android:label
		ADDED from src/main/AndroidManifest.xml:40:13-48
	android:name
		ADDED from src/main/AndroidManifest.xml:39:13-33
activity#com.todaysfuture.shriteq.home1
ADDED from src/main/AndroidManifest.xml:42:9-44:38
	android:screenOrientation
		ADDED from src/main/AndroidManifest.xml:43:13-49
	android:label
		ADDED from src/main/AndroidManifest.xml:44:13-36
	android:name
		ADDED from src/main/AndroidManifest.xml:42:19-40
activity#com.todaysfuture.shriteq.events
ADDED from src/main/AndroidManifest.xml:45:9-48:52
	android:screenOrientation
		ADDED from src/main/AndroidManifest.xml:48:13-49
	android:label
		ADDED from src/main/AndroidManifest.xml:47:13-35
	android:name
		ADDED from src/main/AndroidManifest.xml:46:13-35
activity#com.todaysfuture.shriteq.Sponsors
ADDED from src/main/AndroidManifest.xml:49:9-53:46
	android:screenOrientation
		ADDED from src/main/AndroidManifest.xml:52:13-49
	android:label
		ADDED from src/main/AndroidManifest.xml:51:13-60
	android:theme
		ADDED from src/main/AndroidManifest.xml:53:13-43
	android:name
		ADDED from src/main/AndroidManifest.xml:50:13-37
activity#com.todaysfuture.shriteq.contactTeacher
ADDED from src/main/AndroidManifest.xml:54:9-55:85
	android:screenOrientation
		ADDED from src/main/AndroidManifest.xml:55:47-83
	android:label
		ADDED from src/main/AndroidManifest.xml:55:13-46
	android:name
		ADDED from src/main/AndroidManifest.xml:54:19-49
activity#com.todaysfuture.shriteq.attend
ADDED from src/main/AndroidManifest.xml:56:9-57:52
	android:screenOrientation
		ADDED from src/main/AndroidManifest.xml:57:13-49
	android:name
		ADDED from src/main/AndroidManifest.xml:56:19-41
activity#com.todaysfuture.shriteq.keyspeakers
ADDED from src/main/AndroidManifest.xml:58:9-59:47
	android:label
		ADDED from src/main/AndroidManifest.xml:59:13-45
	android:name
		ADDED from src/main/AndroidManifest.xml:58:19-46
activity#com.todaysfuture.shriteq.AboutUs
ADDED from src/main/AndroidManifest.xml:60:9-62:51
	android:screenOrientation
		ADDED from src/main/AndroidManifest.xml:62:13-49
	android:label
		ADDED from src/main/AndroidManifest.xml:61:13-37
	android:name
		ADDED from src/main/AndroidManifest.xml:60:19-42
activity#com.todaysfuture.shriteq.ContactUs
ADDED from src/main/AndroidManifest.xml:63:9-65:51
	android:screenOrientation
		ADDED from src/main/AndroidManifest.xml:65:13-49
	android:label
		ADDED from src/main/AndroidManifest.xml:64:13-39
	android:name
		ADDED from src/main/AndroidManifest.xml:63:19-44
activity#com.todaysfuture.shriteq.LiveScore
ADDED from src/main/AndroidManifest.xml:66:1-68:34
	android:screenOrientation
		ADDED from src/main/AndroidManifest.xml:67:5-41
	android:label
		ADDED from src/main/AndroidManifest.xml:68:5-32
	android:name
		ADDED from src/main/AndroidManifest.xml:66:11-36
activity#com.todaysfuture.shriteq.announcements
ADDED from src/main/AndroidManifest.xml:69:9-71:51
	android:screenOrientation
		ADDED from src/main/AndroidManifest.xml:71:13-49
	android:label
		ADDED from src/main/AndroidManifest.xml:70:13-42
	android:name
		ADDED from src/main/AndroidManifest.xml:69:19-48
activity#com.todaysfuture.shriteq.tasksassigned
ADDED from src/main/AndroidManifest.xml:72:1-74:28
	android:screenOrientation
		ADDED from src/main/AndroidManifest.xml:73:5-41
	android:label
		ADDED from src/main/AndroidManifest.xml:74:5-26
	android:name
		ADDED from src/main/AndroidManifest.xml:72:11-40
service#com.parse.PushService
ADDED from src/main/AndroidManifest.xml:76:9-57
	android:name
		ADDED from src/main/AndroidManifest.xml:76:18-54
receiver#com.parse.ParsePushBroadcastReceiver
ADDED from src/main/AndroidManifest.xml:77:9-84:20
	android:exported
		ADDED from src/main/AndroidManifest.xml:78:13-37
	android:name
		ADDED from src/main/AndroidManifest.xml:77:19-70
intent-filter#com.parse.push.intent.DELETE+com.parse.push.intent.OPEN+com.parse.push.intent.RECEIVE
ADDED from src/main/AndroidManifest.xml:79:13-83:29
action#com.parse.push.intent.RECEIVE
ADDED from src/main/AndroidManifest.xml:80:17-72
	android:name
		ADDED from src/main/AndroidManifest.xml:80:25-69
action#com.parse.push.intent.DELETE
ADDED from src/main/AndroidManifest.xml:81:17-71
	android:name
		ADDED from src/main/AndroidManifest.xml:81:25-68
action#com.parse.push.intent.OPEN
ADDED from src/main/AndroidManifest.xml:82:17-69
	android:name
		ADDED from src/main/AndroidManifest.xml:82:25-66
receiver#com.parse.GcmBroadcastReceiver
ADDED from src/main/AndroidManifest.xml:85:9-92:20
	android:permission
		ADDED from src/main/AndroidManifest.xml:86:13-73
	android:name
		ADDED from src/main/AndroidManifest.xml:85:19-64
intent-filter#com.google.android.c2dm.intent.RECEIVE+com.google.android.c2dm.intent.REGISTRATION+com.todaysfuture.shriteq
ADDED from src/main/AndroidManifest.xml:87:13-91:29
action#com.google.android.c2dm.intent.RECEIVE
ADDED from src/main/AndroidManifest.xml:88:17-81
	android:name
		ADDED from src/main/AndroidManifest.xml:88:25-78
action#com.google.android.c2dm.intent.REGISTRATION
ADDED from src/main/AndroidManifest.xml:89:17-86
	android:name
		ADDED from src/main/AndroidManifest.xml:89:25-83
category#com.todaysfuture.shriteq
ADDED from src/main/AndroidManifest.xml:90:17-69
	android:name
		ADDED from src/main/AndroidManifest.xml:90:27-66
meta-data#com.parse.APPLICATION_ID
ADDED from src/main/AndroidManifest.xml:93:9-95:72
	android:value
		ADDED from src/main/AndroidManifest.xml:95:13-69
	android:name
		ADDED from src/main/AndroidManifest.xml:94:13-52
meta-data#com.parse.CLIENT_KEY
ADDED from src/main/AndroidManifest.xml:96:9-98:72
	android:value
		ADDED from src/main/AndroidManifest.xml:98:13-69
	android:name
		ADDED from src/main/AndroidManifest.xml:97:13-48
service#com.todaysfuture.shriteq.Servce
ADDED from src/main/AndroidManifest.xml:99:9-42
	android:name
		ADDED from src/main/AndroidManifest.xml:99:18-40
meta-data#com.parse.push.notification_icon
ADDED from src/main/AndroidManifest.xml:101:5-65
	android:name
		ADDED from src/main/AndroidManifest.xml:101:16-63
uses-sdk
INJECTED from src/main/AndroidManifest.xml reason: use-sdk injection requested
MERGED from [com.android.support:appcompat-v7:23.1.1] AndroidManifest.xml:20:5-43
MERGED from [com.android.support:support-v4:23.1.1] AndroidManifest.xml:20:5-43
MERGED from [com.android.support:design:23.1.1] AndroidManifest.xml:20:5-43
MERGED from [com.android.support:appcompat-v7:23.1.1] AndroidManifest.xml:20:5-43
MERGED from [com.android.support:support-v4:23.1.1] AndroidManifest.xml:20:5-43
MERGED from [com.android.support:recyclerview-v7:23.1.1] AndroidManifest.xml:20:5-43
MERGED from [com.android.support:support-v4:23.1.1] AndroidManifest.xml:20:5-43
MERGED from [com.android.support:support-v4:23.1.1] AndroidManifest.xml:20:5-43
MERGED from [com.onesignal:OneSignal:2.3.0] AndroidManifest.xml:5:5-43
MERGED from [com.google.android.gms:play-services-gcm:8.4.0] AndroidManifest.xml:18:5-42
MERGED from [com.google.android.gms:play-services-base:8.4.0] AndroidManifest.xml:18:5-42
MERGED from [com.google.android.gms:play-services-basement:8.4.0] AndroidManifest.xml:18:5-42
MERGED from [com.android.support:support-v4:23.1.1] AndroidManifest.xml:20:5-43
MERGED from [com.google.android.gms:play-services-measurement:8.4.0] AndroidManifest.xml:18:5-42
MERGED from [com.google.android.gms:play-services-basement:8.4.0] AndroidManifest.xml:18:5-42
MERGED from [com.android.support:support-v4:23.1.1] AndroidManifest.xml:20:5-43
MERGED from [com.google.android.gms:play-services-analytics:8.4.0] AndroidManifest.xml:18:5-42
MERGED from [com.google.android.gms:play-services-basement:8.4.0] AndroidManifest.xml:18:5-42
MERGED from [com.android.support:support-v4:23.1.1] AndroidManifest.xml:20:5-43
MERGED from [com.google.android.gms:play-services-location:8.4.0] AndroidManifest.xml:18:5-42
MERGED from [com.google.android.gms:play-services-base:8.4.0] AndroidManifest.xml:18:5-42
MERGED from [com.google.android.gms:play-services-basement:8.4.0] AndroidManifest.xml:18:5-42
MERGED from [com.android.support:support-v4:23.1.1] AndroidManifest.xml:20:5-43
MERGED from [com.google.android.gms:play-services-maps:8.4.0] AndroidManifest.xml:26:5-42
MERGED from [com.google.android.gms:play-services-base:8.4.0] AndroidManifest.xml:18:5-42
MERGED from [com.google.android.gms:play-services-basement:8.4.0] AndroidManifest.xml:18:5-42
MERGED from [com.android.support:support-v4:23.1.1] AndroidManifest.xml:20:5-43
	android:targetSdkVersion
		INJECTED from src/main/AndroidManifest.xml
		INJECTED from src/main/AndroidManifest.xml
	android:minSdkVersion
		INJECTED from src/main/AndroidManifest.xml
		INJECTED from src/main/AndroidManifest.xml
permission#${manifestApplicationId}.permission.C2D_MESSAGE
ADDED from [com.onesignal:OneSignal:2.3.0] AndroidManifest.xml:8:5-10:47
	android:protectionLevel
		ADDED from [com.onesignal:OneSignal:2.3.0] AndroidManifest.xml:10:9-44
	android:name
		ADDED from [com.onesignal:OneSignal:2.3.0] AndroidManifest.xml:9:9-71
uses-permission#${manifestApplicationId}.permission.C2D_MESSAGE
ADDED from [com.onesignal:OneSignal:2.3.0] AndroidManifest.xml:12:5-87
	android:name
		ADDED from [com.onesignal:OneSignal:2.3.0] AndroidManifest.xml:12:22-84
uses-permission#com.google.android.c2dm.permission.RECEIVE
ADDED from [com.onesignal:OneSignal:2.3.0] AndroidManifest.xml:16:5-82
MERGED from [com.google.android.gms:play-services-gcm:8.4.0] AndroidManifest.xml:21:5-82
	android:name
		ADDED from [com.onesignal:OneSignal:2.3.0] AndroidManifest.xml:16:22-79
uses-permission#android.permission.WAKE_LOCK
ADDED from [com.onesignal:OneSignal:2.3.0] AndroidManifest.xml:18:5-68
MERGED from [com.google.android.gms:play-services-measurement:8.4.0] AndroidManifest.xml:24:5-67
	android:name
		ADDED from [com.onesignal:OneSignal:2.3.0] AndroidManifest.xml:18:22-65
uses-permission#android.permission.VIBRATE
ADDED from [com.onesignal:OneSignal:2.3.0] AndroidManifest.xml:23:5-66
	android:name
		ADDED from [com.onesignal:OneSignal:2.3.0] AndroidManifest.xml:23:22-63
uses-permission#com.sec.android.provider.badge.permission.READ
ADDED from [com.onesignal:OneSignal:2.3.0] AndroidManifest.xml:28:5-86
	android:name
		ADDED from [com.onesignal:OneSignal:2.3.0] AndroidManifest.xml:28:22-83
uses-permission#com.sec.android.provider.badge.permission.WRITE
ADDED from [com.onesignal:OneSignal:2.3.0] AndroidManifest.xml:29:5-87
	android:name
		ADDED from [com.onesignal:OneSignal:2.3.0] AndroidManifest.xml:29:22-84
uses-permission#com.htc.launcher.permission.READ_SETTINGS
ADDED from [com.onesignal:OneSignal:2.3.0] AndroidManifest.xml:31:5-81
	android:name
		ADDED from [com.onesignal:OneSignal:2.3.0] AndroidManifest.xml:31:22-78
uses-permission#com.htc.launcher.permission.UPDATE_SHORTCUT
ADDED from [com.onesignal:OneSignal:2.3.0] AndroidManifest.xml:32:5-83
	android:name
		ADDED from [com.onesignal:OneSignal:2.3.0] AndroidManifest.xml:32:22-80
uses-permission#com.sonyericsson.home.permission.BROADCAST_BADGE
ADDED from [com.onesignal:OneSignal:2.3.0] AndroidManifest.xml:34:5-88
	android:name
		ADDED from [com.onesignal:OneSignal:2.3.0] AndroidManifest.xml:34:22-85
uses-permission#com.anddoes.launcher.permission.UPDATE_COUNT
ADDED from [com.onesignal:OneSignal:2.3.0] AndroidManifest.xml:36:5-84
	android:name
		ADDED from [com.onesignal:OneSignal:2.3.0] AndroidManifest.xml:36:22-81
uses-permission#com.majeur.launcher.permission.UPDATE_BADGE
ADDED from [com.onesignal:OneSignal:2.3.0] AndroidManifest.xml:38:5-83
	android:name
		ADDED from [com.onesignal:OneSignal:2.3.0] AndroidManifest.xml:38:22-80
meta-data#onesignal_app_id
ADDED from [com.onesignal:OneSignal:2.3.0] AndroidManifest.xml:41:9-43:51
	android:value
		ADDED from [com.onesignal:OneSignal:2.3.0] AndroidManifest.xml:43:13-48
	android:name
		ADDED from [com.onesignal:OneSignal:2.3.0] AndroidManifest.xml:42:13-44
meta-data#onesignal_google_project_number
ADDED from [com.onesignal:OneSignal:2.3.0] AndroidManifest.xml:44:9-46:70
	android:value
		ADDED from [com.onesignal:OneSignal:2.3.0] AndroidManifest.xml:46:13-67
	android:name
		ADDED from [com.onesignal:OneSignal:2.3.0] AndroidManifest.xml:45:13-59
receiver#com.onesignal.GcmBroadcastReceiver
ADDED from [com.onesignal:OneSignal:2.3.0] AndroidManifest.xml:48:9-56:20
	android:permission
		ADDED from [com.onesignal:OneSignal:2.3.0] AndroidManifest.xml:50:13-73
	android:name
		ADDED from [com.onesignal:OneSignal:2.3.0] AndroidManifest.xml:49:13-62
intent-filter#${manifestApplicationId}+com.google.android.c2dm.intent.RECEIVE
ADDED from [com.onesignal:OneSignal:2.3.0] AndroidManifest.xml:51:13-55:29
category#${manifestApplicationId}
ADDED from [com.onesignal:OneSignal:2.3.0] AndroidManifest.xml:54:17-69
	android:name
		ADDED from [com.onesignal:OneSignal:2.3.0] AndroidManifest.xml:54:27-66
receiver#com.onesignal.NotificationOpenedReceiver
ADDED from [com.onesignal:OneSignal:2.3.0] AndroidManifest.xml:57:9-77
	android:name
		ADDED from [com.onesignal:OneSignal:2.3.0] AndroidManifest.xml:57:19-74
service#com.onesignal.GcmIntentService
ADDED from [com.onesignal:OneSignal:2.3.0] AndroidManifest.xml:59:9-66
	android:name
		ADDED from [com.onesignal:OneSignal:2.3.0] AndroidManifest.xml:59:18-63
service#com.onesignal.SyncService
ADDED from [com.onesignal:OneSignal:2.3.0] AndroidManifest.xml:60:9-62:44
	android:stopWithTask
		ADDED from [com.onesignal:OneSignal:2.3.0] AndroidManifest.xml:62:13-41
	android:name
		ADDED from [com.onesignal:OneSignal:2.3.0] AndroidManifest.xml:61:13-53
activity#com.onesignal.PermissionsActivity
ADDED from [com.onesignal:OneSignal:2.3.0] AndroidManifest.xml:64:9-66:75
	android:theme
		ADDED from [com.onesignal:OneSignal:2.3.0] AndroidManifest.xml:66:13-72
	android:name
		ADDED from [com.onesignal:OneSignal:2.3.0] AndroidManifest.xml:65:13-61
meta-data#com.google.android.gms.version
ADDED from [com.google.android.gms:play-services-basement:8.4.0] AndroidManifest.xml:21:9-23:69
MERGED from [com.google.android.gms:play-services-basement:8.4.0] AndroidManifest.xml:21:9-23:69
MERGED from [com.google.android.gms:play-services-basement:8.4.0] AndroidManifest.xml:21:9-23:69
MERGED from [com.google.android.gms:play-services-basement:8.4.0] AndroidManifest.xml:21:9-23:69
MERGED from [com.google.android.gms:play-services-basement:8.4.0] AndroidManifest.xml:21:9-23:69
	android:value
		ADDED from [com.google.android.gms:play-services-basement:8.4.0] AndroidManifest.xml:23:13-66
	android:name
		ADDED from [com.google.android.gms:play-services-basement:8.4.0] AndroidManifest.xml:22:13-58
provider#com.google.android.gms.measurement.AppMeasurementContentProvider
ADDED from [com.google.android.gms:play-services-measurement:8.4.0] AndroidManifest.xml:28:7-31:37
	android:authorities
		ADDED from [com.google.android.gms:play-services-measurement:8.4.0] AndroidManifest.xml:29:11-76
	android:exported
		ADDED from [com.google.android.gms:play-services-measurement:8.4.0] AndroidManifest.xml:31:11-35
	android:name
		ADDED from [com.google.android.gms:play-services-measurement:8.4.0] AndroidManifest.xml:30:11-90
receiver#com.google.android.gms.measurement.AppMeasurementReceiver
ADDED from [com.google.android.gms:play-services-measurement:8.4.0] AndroidManifest.xml:33:7-39:18
	android:enabled
		ADDED from [com.google.android.gms:play-services-measurement:8.4.0] AndroidManifest.xml:35:11-33
	android:name
		ADDED from [com.google.android.gms:play-services-measurement:8.4.0] AndroidManifest.xml:34:11-83
intent-filter#com.google.android.gms.measurement.UPLOAD
ADDED from [com.google.android.gms:play-services-measurement:8.4.0] AndroidManifest.xml:36:9-38:25
action#com.google.android.gms.measurement.UPLOAD
ADDED from [com.google.android.gms:play-services-measurement:8.4.0] AndroidManifest.xml:37:11-77
	android:name
		ADDED from [com.google.android.gms:play-services-measurement:8.4.0] AndroidManifest.xml:37:19-75
service#com.google.android.gms.measurement.AppMeasurementService
ADDED from [com.google.android.gms:play-services-measurement:8.4.0] AndroidManifest.xml:41:7-44:37
	android:enabled
		ADDED from [com.google.android.gms:play-services-measurement:8.4.0] AndroidManifest.xml:43:11-33
	android:exported
		ADDED from [com.google.android.gms:play-services-measurement:8.4.0] AndroidManifest.xml:44:11-35
	android:name
		ADDED from [com.google.android.gms:play-services-measurement:8.4.0] AndroidManifest.xml:42:11-82
uses-feature#0x00020000
ADDED from [com.google.android.gms:play-services-maps:8.4.0] AndroidManifest.xml:22:5-24:33
	android:glEsVersion
		ADDED from [com.google.android.gms:play-services-maps:8.4.0] AndroidManifest.xml:23:8-40
	android:required
		ADDED from [com.google.android.gms:play-services-maps:8.4.0] AndroidManifest.xml:24:8-31